#
# There is insufficient memory for the Java Runtime Environment to continue.
# Native memory allocation (malloc) failed to allocate 61776 bytes for Chunk::new
# Possible reasons:
#   The system is out of physical RAM or swap space
#   The process is running with CompressedOops enabled, and the Java Heap may be blocking the growth of the native heap
# Possible solutions:
#   Reduce memory load on the system
#   Increase physical memory or swap space
#   Check if swap backing store is full
#   Decrease Java heap size (-Xmx/-Xms)
#   Decrease number of Java threads
#   Decrease Java thread stack sizes (-Xss)
#   Set larger code cache with -XX:ReservedCodeCacheSize=
#   JVM is running with Unscaled Compressed Oops mode in which the Java heap is
#     placed in the first 4GB address space. The Java Heap base address is the
#     maximum limit for the native heap growth. Please use -XX:HeapBaseMinAddress
#     to set the Java Heap base and to place the Java Heap above 4GB virtual address.
# This output file may be truncated or incomplete.
#
#  Out of Memory Error (./src/hotspot/share/memory/arena.cpp:197), pid=3008, tid=10756
#
# JRE version: OpenJDK Runtime Environment (11.0.11+9) (build 11.0.11+9-b60-7590822)
# Java VM: OpenJDK 64-Bit Server VM (11.0.11+9-b60-7590822, mixed mode, tiered, compressed oops, g1 gc, windows-amd64)
# No core dump will be written. Minidumps are not enabled by default on client versions of Windows
#

---------------  S U M M A R Y ------------

Command Line: --add-opens=java.base/java.util=ALL-UNNAMED --add-opens=java.base/java.lang=ALL-UNNAMED --add-opens=java.base/java.lang.invoke=ALL-UNNAMED --add-opens=java.base/java.util=ALL-UNNAMED --add-opens=java.prefs/java.util.prefs=ALL-UNNAMED --add-opens=java.prefs/java.util.prefs=ALL-UNNAMED --add-opens=java.base/java.nio.charset=ALL-UNNAMED --add-opens=java.base/java.net=ALL-UNNAMED --add-opens=java.base/java.util.concurrent.atomic=ALL-UNNAMED -Xmx2048m -Dfile.encoding=UTF-8 -Duser.country=GB -Duser.language=en -Duser.variant org.gradle.launcher.daemon.bootstrap.GradleDaemon 7.2

Host: Intel(R) Core(TM) i5-8300H CPU @ 2.30GHz, 8 cores, 7G,  Windows 10 , 64 bit Build 19041 (10.0.19041.928)
Time: Sun Apr 24 23:26:57 2022 FLE Summer Time elapsed time: 8.318868 seconds (0d 0h 0m 8s)

---------------  T H R E A D  ---------------

Current thread (0x000001e0adff3000):  JavaThread "C2 CompilerThread0" daemon [_thread_in_native, id=10756, stack(0x0000003919b00000,0x0000003919c00000)]


Current CompileTask:
C2:   8318 5440   !   4       jdk.internal.reflect.UTF8::encode (191 bytes)

Stack: [0x0000003919b00000,0x0000003919c00000]
Native frames: (J=compiled Java code, j=interpreted, Vv=VM code, C=native code)
V  [jvm.dll+0x5f214a]
V  [jvm.dll+0x726fb5]
V  [jvm.dll+0x7285cd]
V  [jvm.dll+0x728c83]
V  [jvm.dll+0x243278]
V  [jvm.dll+0xbc53c]
V  [jvm.dll+0xbca3c]
V  [jvm.dll+0x353e7d]
V  [jvm.dll+0x321893]
V  [jvm.dll+0x320d8a]
V  [jvm.dll+0x1fc1e2]
V  [jvm.dll+0x1fb3d4]
V  [jvm.dll+0x183d6c]
V  [jvm.dll+0x209a57]
V  [jvm.dll+0x2082a1]
V  [jvm.dll+0x6ef58f]
V  [jvm.dll+0x6e80b5]
V  [jvm.dll+0x5f1036]
C  [ucrtbase.dll+0x21bb2]
C  [KERNEL32.DLL+0x17034]
C  [ntdll.dll+0x52651]


---------------  P R O C E S S  ---------------

Threads class SMR info:
_java_thread_list=0x000001e0b41bc510, length=121, elements={
0x000001e093b4d800, 0x000001e0adfd1800, 0x000001e0adfd5000, 0x000001e0adfeb000,
0x000001e0adfec000, 0x000001e0adfee800, 0x000001e0adff3000, 0x000001e0ae955000,
0x000001e0ae957800, 0x000001e0aeab7800, 0x000001e0b1047000, 0x000001e0aebae800,
0x000001e0afd3d000, 0x000001e0b075e800, 0x000001e0b09d6800, 0x000001e0afc4c000,
0x000001e0b044c800, 0x000001e0b0deb800, 0x000001e0b0a0f000, 0x000001e0b08df800,
0x000001e0b08da000, 0x000001e0b08dd000, 0x000001e0b08de800, 0x000001e0b08dc000,
0x000001e0b08e0800, 0x000001e0b08db800, 0x000001e0b08de000, 0x000001e0b08da800,
0x000001e0b52ff800, 0x000001e0b52fe000, 0x000001e0b52fe800, 0x000001e0b5304800,
0x000001e0b5302800, 0x000001e0b5305000, 0x000001e0b5306000, 0x000001e0b5302000,
0x000001e0b5301000, 0x000001e0b5300800, 0x000001e0b5307000, 0x000001e0b5307800,
0x000001e0b530b000, 0x000001e0b5308800, 0x000001e0b5309000, 0x000001e0b530b800,
0x000001e0b530a000, 0x000001e0b23e6000, 0x000001e0b23e5000, 0x000001e0b23e3800,
0x000001e0b23e7000, 0x000001e0b23e9000, 0x000001e0b23e7800, 0x000001e0b23e8800,
0x000001e0b23ea000, 0x000001e0b23e4800, 0x000001e0b23ef000, 0x000001e0b23ec800,
0x000001e0b23ed800, 0x000001e0b23eb000, 0x000001e0b23eb800, 0x000001e0b23f0000,
0x000001e0b23ee000, 0x000001e0b23f0800, 0x000001e0b23f1800, 0x000001e0b23f2000,
0x000001e0b26b8000, 0x000001e0b26b9000, 0x000001e0b26bd000, 0x000001e0b26bc800,
0x000001e0b26bb800, 0x000001e0b26ba000, 0x000001e0b26b7800, 0x000001e0b26be000,
0x000001e0b26be800, 0x000001e0b26ba800, 0x000001e0b26c5800, 0x000001e0b26c2000,
0x000001e0b26c3000, 0x000001e0b26c3800, 0x000001e0b26bf800, 0x000001e0b26c4800,
0x000001e0b26c1000, 0x000001e0b26c6000, 0x000001e0b26c0800, 0x000001e0b2195000,
0x000001e0b2196000, 0x000001e0b2194000, 0x000001e0b2196800, 0x000001e0b2199000,
0x000001e0b219d000, 0x000001e0b219a000, 0x000001e0b219a800, 0x000001e0b219b800,
0x000001e0b219c800, 0x000001e0b2197800, 0x000001e0b219e000, 0x000001e0b2198000,
0x000001e0b219e800, 0x000001e0b21a1000, 0x000001e0b21a2000, 0x000001e0b21a3000,
0x000001e0b21a0800, 0x000001e0b219f800, 0x000001e0b129f000, 0x000001e0b129d800,
0x000001e0b129d000, 0x000001e0b12a0000, 0x000001e0b129e800, 0x000001e0b129a800,
0x000001e0b12a1000, 0x000001e0b129b000, 0x000001e0b12a1800, 0x000001e0b129c000,
0x000001e0b12a6800, 0x000001e0b12a2800, 0x000001e0b12a5000, 0x000001e0b12a5800,
0x000001e0b12a7800, 0x000001e0b12a4000, 0x000001e0b12a3800, 0x000001e0b12a8000,
0x000001e0b12a9000
}

Java Threads: ( => current thread )
  0x000001e093b4d800 JavaThread "main" [_thread_blocked, id=12908, stack(0x0000003918f00000,0x0000003919000000)]
  0x000001e0adfd1800 JavaThread "Reference Handler" daemon [_thread_blocked, id=14772, stack(0x0000003919600000,0x0000003919700000)]
  0x000001e0adfd5000 JavaThread "Finalizer" daemon [_thread_blocked, id=8688, stack(0x0000003919700000,0x0000003919800000)]
  0x000001e0adfeb000 JavaThread "Signal Dispatcher" daemon [_thread_blocked, id=20324, stack(0x0000003919800000,0x0000003919900000)]
  0x000001e0adfec000 JavaThread "Attach Listener" daemon [_thread_blocked, id=13148, stack(0x0000003919900000,0x0000003919a00000)]
  0x000001e0adfee800 JavaThread "Service Thread" daemon [_thread_blocked, id=2284, stack(0x0000003919a00000,0x0000003919b00000)]
=>0x000001e0adff3000 JavaThread "C2 CompilerThread0" daemon [_thread_in_native, id=10756, stack(0x0000003919b00000,0x0000003919c00000)]
  0x000001e0ae955000 JavaThread "C1 CompilerThread0" daemon [_thread_blocked, id=8644, stack(0x0000003919c00000,0x0000003919d00000)]
  0x000001e0ae957800 JavaThread "Sweeper thread" daemon [_thread_blocked, id=16512, stack(0x0000003919d00000,0x0000003919e00000)]
  0x000001e0aeab7800 JavaThread "Common-Cleaner" daemon [_thread_blocked, id=8160, stack(0x0000003919e00000,0x0000003919f00000)]
  0x000001e0b1047000 JavaThread "Daemon health stats" [_thread_blocked, id=18936, stack(0x000000391a400000,0x000000391a500000)]
  0x000001e0aebae800 JavaThread "Incoming local TCP Connector on port 52167" [_thread_in_native, id=17812, stack(0x000000391a000000,0x000000391a100000)]
  0x000001e0afd3d000 JavaThread "Daemon periodic checks" [_thread_blocked, id=11304, stack(0x000000391a300000,0x000000391a400000)]
  0x000001e0b075e800 JavaThread "Daemon" [_thread_blocked, id=16056, stack(0x000000391a500000,0x000000391a600000)]
  0x000001e0b09d6800 JavaThread "Handler for socket connection from /127.0.0.1:52167 to /127.0.0.1:52168" [_thread_in_native, id=3268, stack(0x000000391a600000,0x000000391a700000)]
  0x000001e0afc4c000 JavaThread "Cancel handler" [_thread_blocked, id=15652, stack(0x000000391a700000,0x000000391a800000)]
  0x000001e0b044c800 JavaThread "Daemon worker" [_thread_in_Java, id=17424, stack(0x000000391a800000,0x000000391a900000)]
  0x000001e0b0deb800 JavaThread "Asynchronous log dispatcher for DefaultDaemonConnection: socket connection from /127.0.0.1:52167 to /127.0.0.1:52168" [_thread_blocked, id=19532, stack(0x000000391a900000,0x000000391aa00000)]
  0x000001e0b0a0f000 JavaThread "Stdin handler" [_thread_blocked, id=18500, stack(0x000000391aa00000,0x000000391ab00000)]
  0x000001e0b08df800 JavaThread "Daemon client event forwarder" [_thread_blocked, id=14160, stack(0x000000391ab00000,0x000000391ac00000)]
  0x000001e0b08da000 JavaThread "Cache worker for journal cache (C:\Users\August\.gradle\caches\journal-1)" [_thread_blocked, id=19664, stack(0x000000391b100000,0x000000391b200000)]
  0x000001e0b08dd000 JavaThread "File lock request listener" [_thread_in_native, id=14688, stack(0x000000391b200000,0x000000391b300000)]
  0x000001e0b08de800 JavaThread "Cache worker for file hash cache (C:\Users\August\.gradle\caches\7.2\fileHashes)" [_thread_blocked, id=11796, stack(0x000000391b300000,0x000000391b400000)]
  0x000001e0b08dc000 JavaThread "Cache worker for file hash cache (C:\Users\August\AndroidStudioProjects\Supreme\.gradle\7.2\fileHashes)" [_thread_blocked, id=3960, stack(0x000000391b600000,0x000000391b700000)]
  0x000001e0b08e0800 JavaThread "File watcher server" daemon [_thread_in_native, id=19852, stack(0x000000391b800000,0x000000391b900000)]
  0x000001e0b08db800 JavaThread "File watcher consumer" daemon [_thread_blocked, id=16356, stack(0x000000391b900000,0x000000391ba00000)]
  0x000001e0b08de000 JavaThread "Cache worker for checksums cache (C:\Users\August\AndroidStudioProjects\Supreme\.gradle\checksums)" [_thread_blocked, id=19080, stack(0x000000391ba00000,0x000000391bb00000)]
  0x000001e0b08da800 JavaThread "Cache worker for cache directory md-supplier (C:\Users\August\.gradle\caches\7.2\md-supplier)" [_thread_blocked, id=3144, stack(0x000000391bb00000,0x000000391bc00000)]
  0x000001e0b52ff800 JavaThread "Cache worker for cache directory md-rule (C:\Users\August\.gradle\caches\7.2\md-rule)" [_thread_blocked, id=17872, stack(0x000000391bc00000,0x000000391bd00000)]
  0x000001e0b52fe000 JavaThread "Cache worker for execution history cache (C:\Users\August\.gradle\caches\7.2\executionHistory)" [_thread_blocked, id=17992, stack(0x000000391bd00000,0x000000391be00000)]
  0x000001e0b52fe800 JavaThread "jar transforms" [_thread_blocked, id=20136, stack(0x000000391be00000,0x000000391bf00000)]
  0x000001e0b5304800 JavaThread "Cache worker for file content cache (C:\Users\August\.gradle\caches\7.2\fileContent)" [_thread_blocked, id=4932, stack(0x000000391bf00000,0x000000391c000000)]
  0x000001e0b5302800 JavaThread "jar transforms Thread 2" [_thread_blocked, id=13936, stack(0x000000391c000000,0x000000391c100000)]
  0x000001e0b5305000 JavaThread "Cache worker for dependencies-accessors (C:\Users\August\AndroidStudioProjects\Supreme\.gradle\7.2\dependencies-accessors)" [_thread_blocked, id=18344, stack(0x000000391c100000,0x000000391c200000)]
  0x000001e0b5306000 JavaThread "jar transforms Thread 3" [_thread_blocked, id=18764, stack(0x000000391c200000,0x000000391c300000)]
  0x000001e0b5302000 JavaThread "Cache worker for Build Output Cleanup Cache (C:\Users\August\AndroidStudioProjects\Supreme\.gradle\buildOutputCleanup)" [_thread_blocked, id=18604, stack(0x000000391c300000,0x000000391c400000)]
  0x000001e0b5301000 JavaThread "Unconstrained build operations" [_thread_blocked, id=2688, stack(0x000000391b500000,0x000000391b600000)]
  0x000001e0b5300800 JavaThread "Unconstrained build operations Thread 2" [_thread_blocked, id=17820, stack(0x000000391b700000,0x000000391b800000)]
  0x000001e0b5307000 JavaThread "Unconstrained build operations Thread 3" [_thread_blocked, id=19652, stack(0x000000391c400000,0x000000391c500000)]
  0x000001e0b5307800 JavaThread "Unconstrained build operations Thread 4" [_thread_blocked, id=18680, stack(0x000000391c500000,0x000000391c600000)]
  0x000001e0b530b000 JavaThread "Unconstrained build operations Thread 5" [_thread_blocked, id=13672, stack(0x000000391c600000,0x000000391c700000)]
  0x000001e0b5308800 JavaThread "Unconstrained build operations Thread 6" [_thread_blocked, id=19492, stack(0x000000391c700000,0x000000391c800000)]
  0x000001e0b5309000 JavaThread "Unconstrained build operations Thread 7" [_thread_blocked, id=20216, stack(0x000000391c800000,0x000000391c900000)]
  0x000001e0b530b800 JavaThread "Unconstrained build operations Thread 8" [_thread_blocked, id=15944, stack(0x000000391c900000,0x000000391ca00000)]
  0x000001e0b530a000 JavaThread "Unconstrained build operations Thread 9" [_thread_blocked, id=7560, stack(0x000000391ca00000,0x000000391cb00000)]
  0x000001e0b23e6000 JavaThread "Unconstrained build operations Thread 10" [_thread_blocked, id=19616, stack(0x000000391cb00000,0x000000391cc00000)]
  0x000001e0b23e5000 JavaThread "Unconstrained build operations Thread 11" [_thread_blocked, id=11332, stack(0x000000391cc00000,0x000000391cd00000)]
  0x000001e0b23e3800 JavaThread "Unconstrained build operations Thread 12" [_thread_blocked, id=19248, stack(0x000000391cd00000,0x000000391ce00000)]
  0x000001e0b23e7000 JavaThread "Unconstrained build operations Thread 13" [_thread_blocked, id=15980, stack(0x000000391ce00000,0x000000391cf00000)]
  0x000001e0b23e9000 JavaThread "Unconstrained build operations Thread 14" [_thread_blocked, id=12936, stack(0x000000391cf00000,0x000000391d000000)]
  0x000001e0b23e7800 JavaThread "Unconstrained build operations Thread 15" [_thread_blocked, id=6164, stack(0x000000391d000000,0x000000391d100000)]
  0x000001e0b23e8800 JavaThread "Unconstrained build operations Thread 16" [_thread_blocked, id=19872, stack(0x000000391d100000,0x000000391d200000)]
  0x000001e0b23ea000 JavaThread "Unconstrained build operations Thread 17" [_thread_blocked, id=9812, stack(0x000000391d200000,0x000000391d300000)]
  0x000001e0b23e4800 JavaThread "Unconstrained build operations Thread 18" [_thread_blocked, id=18188, stack(0x000000391d300000,0x000000391d400000)]
  0x000001e0b23ef000 JavaThread "Unconstrained build operations Thread 19" [_thread_blocked, id=18552, stack(0x000000391d400000,0x000000391d500000)]
  0x000001e0b23ec800 JavaThread "Unconstrained build operations Thread 20" [_thread_blocked, id=10604, stack(0x000000391d500000,0x000000391d600000)]
  0x000001e0b23ed800 JavaThread "Unconstrained build operations Thread 21" [_thread_blocked, id=13964, stack(0x000000391d600000,0x000000391d700000)]
  0x000001e0b23eb000 JavaThread "Unconstrained build operations Thread 22" [_thread_blocked, id=3232, stack(0x000000391d700000,0x000000391d800000)]
  0x000001e0b23eb800 JavaThread "Unconstrained build operations Thread 23" [_thread_blocked, id=6076, stack(0x000000391d800000,0x000000391d900000)]
  0x000001e0b23f0000 JavaThread "Unconstrained build operations Thread 24" [_thread_blocked, id=5508, stack(0x000000391d900000,0x000000391da00000)]
  0x000001e0b23ee000 JavaThread "Unconstrained build operations Thread 25" [_thread_blocked, id=12860, stack(0x000000391da00000,0x000000391db00000)]
  0x000001e0b23f0800 JavaThread "Unconstrained build operations Thread 26" [_thread_blocked, id=18608, stack(0x000000391db00000,0x000000391dc00000)]
  0x000001e0b23f1800 JavaThread "Unconstrained build operations Thread 27" [_thread_blocked, id=13108, stack(0x000000391dc00000,0x000000391dd00000)]
  0x000001e0b23f2000 JavaThread "Unconstrained build operations Thread 28" [_thread_blocked, id=7004, stack(0x000000391dd00000,0x000000391de00000)]
  0x000001e0b26b8000 JavaThread "Unconstrained build operations Thread 29" [_thread_blocked, id=19356, stack(0x000000391de00000,0x000000391df00000)]
  0x000001e0b26b9000 JavaThread "Unconstrained build operations Thread 30" [_thread_blocked, id=11140, stack(0x000000391df00000,0x000000391e000000)]
  0x000001e0b26bd000 JavaThread "Unconstrained build operations Thread 31" [_thread_blocked, id=17936, stack(0x000000391e000000,0x000000391e100000)]
  0x000001e0b26bc800 JavaThread "Unconstrained build operations Thread 32" [_thread_blocked, id=18788, stack(0x000000391e100000,0x000000391e200000)]
  0x000001e0b26bb800 JavaThread "Unconstrained build operations Thread 33" [_thread_blocked, id=19644, stack(0x000000391e200000,0x000000391e300000)]
  0x000001e0b26ba000 JavaThread "Unconstrained build operations Thread 34" [_thread_blocked, id=16656, stack(0x000000391e300000,0x000000391e400000)]
  0x000001e0b26b7800 JavaThread "Unconstrained build operations Thread 35" [_thread_blocked, id=14292, stack(0x000000391e400000,0x000000391e500000)]
  0x000001e0b26be000 JavaThread "Unconstrained build operations Thread 36" [_thread_blocked, id=15636, stack(0x000000391e500000,0x000000391e600000)]
  0x000001e0b26be800 JavaThread "Unconstrained build operations Thread 37" [_thread_blocked, id=17560, stack(0x000000391e600000,0x000000391e700000)]
  0x000001e0b26ba800 JavaThread "Unconstrained build operations Thread 38" [_thread_blocked, id=848, stack(0x000000391e700000,0x000000391e800000)]
  0x000001e0b26c5800 JavaThread "Unconstrained build operations Thread 39" [_thread_blocked, id=14888, stack(0x000000391e800000,0x000000391e900000)]
  0x000001e0b26c2000 JavaThread "Unconstrained build operations Thread 40" [_thread_blocked, id=5524, stack(0x000000391e900000,0x000000391ea00000)]
  0x000001e0b26c3000 JavaThread "Unconstrained build operations Thread 41" [_thread_blocked, id=416, stack(0x000000391ea00000,0x000000391eb00000)]
  0x000001e0b26c3800 JavaThread "Unconstrained build operations Thread 42" [_thread_blocked, id=8132, stack(0x000000391eb00000,0x000000391ec00000)]
  0x000001e0b26bf800 JavaThread "Unconstrained build operations Thread 43" [_thread_blocked, id=16228, stack(0x000000391ec00000,0x000000391ed00000)]
  0x000001e0b26c4800 JavaThread "Unconstrained build operations Thread 44" [_thread_blocked, id=5172, stack(0x000000391ed00000,0x000000391ee00000)]
  0x000001e0b26c1000 JavaThread "Unconstrained build operations Thread 45" [_thread_blocked, id=10508, stack(0x000000391ee00000,0x000000391ef00000)]
  0x000001e0b26c6000 JavaThread "Unconstrained build operations Thread 46" [_thread_blocked, id=20332, stack(0x000000391ef00000,0x000000391f000000)]
  0x000001e0b26c0800 JavaThread "Unconstrained build operations Thread 47" [_thread_blocked, id=20260, stack(0x000000391f000000,0x000000391f100000)]
  0x000001e0b2195000 JavaThread "Unconstrained build operations Thread 48" [_thread_blocked, id=8108, stack(0x000000391f100000,0x000000391f200000)]
  0x000001e0b2196000 JavaThread "Unconstrained build operations Thread 49" [_thread_blocked, id=18404, stack(0x000000391f200000,0x000000391f300000)]
  0x000001e0b2194000 JavaThread "Unconstrained build operations Thread 50" [_thread_blocked, id=17068, stack(0x000000391f300000,0x000000391f400000)]
  0x000001e0b2196800 JavaThread "Unconstrained build operations Thread 51" [_thread_blocked, id=18336, stack(0x000000391f400000,0x000000391f500000)]
  0x000001e0b2199000 JavaThread "Unconstrained build operations Thread 52" [_thread_blocked, id=6088, stack(0x000000391f500000,0x000000391f600000)]
  0x000001e0b219d000 JavaThread "Unconstrained build operations Thread 53" [_thread_blocked, id=17884, stack(0x000000391f600000,0x000000391f700000)]
  0x000001e0b219a000 JavaThread "Unconstrained build operations Thread 54" [_thread_blocked, id=16856, stack(0x000000391f700000,0x000000391f800000)]
  0x000001e0b219a800 JavaThread "Unconstrained build operations Thread 55" [_thread_blocked, id=17416, stack(0x000000391f800000,0x000000391f900000)]
  0x000001e0b219b800 JavaThread "Unconstrained build operations Thread 56" [_thread_blocked, id=3564, stack(0x000000391f900000,0x000000391fa00000)]
  0x000001e0b219c800 JavaThread "Unconstrained build operations Thread 57" [_thread_blocked, id=18392, stack(0x000000391fa00000,0x000000391fb00000)]
  0x000001e0b2197800 JavaThread "Unconstrained build operations Thread 58" [_thread_blocked, id=17548, stack(0x000000391fb00000,0x000000391fc00000)]
  0x000001e0b219e000 JavaThread "Unconstrained build operations Thread 59" [_thread_blocked, id=20220, stack(0x000000391fc00000,0x000000391fd00000)]
  0x000001e0b2198000 JavaThread "Unconstrained build operations Thread 60" [_thread_blocked, id=19696, stack(0x000000391fd00000,0x000000391fe00000)]
  0x000001e0b219e800 JavaThread "Unconstrained build operations Thread 61" [_thread_blocked, id=12336, stack(0x000000391fe00000,0x000000391ff00000)]
  0x000001e0b21a1000 JavaThread "Unconstrained build operations Thread 62" [_thread_blocked, id=11804, stack(0x000000391ff00000,0x0000003920000000)]
  0x000001e0b21a2000 JavaThread "Unconstrained build operations Thread 63" [_thread_blocked, id=15760, stack(0x0000003920000000,0x0000003920100000)]
  0x000001e0b21a3000 JavaThread "Unconstrained build operations Thread 64" [_thread_blocked, id=2492, stack(0x0000003920100000,0x0000003920200000)]
  0x000001e0b21a0800 JavaThread "Unconstrained build operations Thread 65" [_thread_blocked, id=18364, stack(0x0000003920200000,0x0000003920300000)]
  0x000001e0b219f800 JavaThread "Unconstrained build operations Thread 66" [_thread_blocked, id=5108, stack(0x0000003920300000,0x0000003920400000)]
  0x000001e0b129f000 JavaThread "Unconstrained build operations Thread 67" [_thread_blocked, id=17988, stack(0x0000003920400000,0x0000003920500000)]
  0x000001e0b129d800 JavaThread "Unconstrained build operations Thread 68" [_thread_blocked, id=7944, stack(0x0000003920500000,0x0000003920600000)]
  0x000001e0b129d000 JavaThread "Unconstrained build operations Thread 69" [_thread_blocked, id=8084, stack(0x0000003920600000,0x0000003920700000)]
  0x000001e0b12a0000 JavaThread "Unconstrained build operations Thread 70" [_thread_blocked, id=20428, stack(0x0000003920700000,0x0000003920800000)]
  0x000001e0b129e800 JavaThread "Unconstrained build operations Thread 71" [_thread_blocked, id=9572, stack(0x0000003920800000,0x0000003920900000)]
  0x000001e0b129a800 JavaThread "Unconstrained build operations Thread 72" [_thread_blocked, id=3128, stack(0x0000003920900000,0x0000003920a00000)]
  0x000001e0b12a1000 JavaThread "Unconstrained build operations Thread 73" [_thread_blocked, id=11404, stack(0x0000003920a00000,0x0000003920b00000)]
  0x000001e0b129b000 JavaThread "Unconstrained build operations Thread 74" [_thread_blocked, id=19172, stack(0x0000003920b00000,0x0000003920c00000)]
  0x000001e0b12a1800 JavaThread "Unconstrained build operations Thread 75" [_thread_blocked, id=8536, stack(0x0000003920c00000,0x0000003920d00000)]
  0x000001e0b129c000 JavaThread "Unconstrained build operations Thread 76" [_thread_blocked, id=14176, stack(0x0000003920d00000,0x0000003920e00000)]
  0x000001e0b12a6800 JavaThread "Unconstrained build operations Thread 77" [_thread_blocked, id=17472, stack(0x0000003920e00000,0x0000003920f00000)]
  0x000001e0b12a2800 JavaThread "Unconstrained build operations Thread 78" [_thread_blocked, id=13948, stack(0x0000003920f00000,0x0000003921000000)]
  0x000001e0b12a5000 JavaThread "Unconstrained build operations Thread 79" [_thread_blocked, id=19240, stack(0x0000003921000000,0x0000003921100000)]
  0x000001e0b12a5800 JavaThread "Unconstrained build operations Thread 80" [_thread_blocked, id=7644, stack(0x0000003921100000,0x0000003921200000)]
  0x000001e0b12a7800 JavaThread "jar transforms Thread 4" [_thread_blocked, id=6072, stack(0x0000003921200000,0x0000003921300000)]
  0x000001e0b12a4000 JavaThread "jar transforms Thread 5" [_thread_blocked, id=18784, stack(0x0000003921300000,0x0000003921400000)]
  0x000001e0b12a3800 JavaThread "jar transforms Thread 6" [_thread_blocked, id=12800, stack(0x0000003921400000,0x0000003921500000)]
  0x000001e0b12a8000 JavaThread "jar transforms Thread 7" [_thread_blocked, id=20400, stack(0x0000003921500000,0x0000003921600000)]
  0x000001e0b12a9000 JavaThread "jar transforms Thread 8" [_thread_blocked, id=6492, stack(0x0000003921600000,0x0000003921700000)]

Other Threads:
  0x000001e0adfcb800 VMThread "VM Thread" [stack: 0x0000003919500000,0x0000003919600000] [id=16880]
  0x000001e0aeac1000 WatcherThread [stack: 0x0000003919f00000,0x000000391a000000] [id=7396]
  0x000001e093b65000 GCTaskThread "GC Thread#0" [stack: 0x0000003919000000,0x0000003919100000] [id=14860]
  0x000001e0af49e800 GCTaskThread "GC Thread#1" [stack: 0x000000391a100000,0x000000391a200000] [id=16248]
  0x000001e0afa32000 GCTaskThread "GC Thread#2" [stack: 0x000000391a200000,0x000000391a300000] [id=9892]
  0x000001e0b0fd5000 GCTaskThread "GC Thread#3" [stack: 0x000000391ac00000,0x000000391ad00000] [id=3704]
  0x000001e0b0120000 GCTaskThread "GC Thread#4" [stack: 0x000000391ad00000,0x000000391ae00000] [id=15408]
  0x000001e0b0121000 GCTaskThread "GC Thread#5" [stack: 0x000000391ae00000,0x000000391af00000] [id=12396]
  0x000001e0b0801000 GCTaskThread "GC Thread#6" [stack: 0x000000391af00000,0x000000391b000000] [id=17280]
  0x000001e0af448800 GCTaskThread "GC Thread#7" [stack: 0x000000391b000000,0x000000391b100000] [id=7788]
  0x000001e093b98000 ConcurrentGCThread "G1 Main Marker" [stack: 0x0000003919100000,0x0000003919200000] [id=16060]
  0x000001e093b9a000 ConcurrentGCThread "G1 Conc#0" [stack: 0x0000003919200000,0x0000003919300000] [id=19076]
  0x000001e0b1c4b000 ConcurrentGCThread "G1 Conc#1" [stack: 0x000000391b400000,0x000000391b500000] [id=18028]
  0x000001e0ade1a800 ConcurrentGCThread "G1 Refine#0" [stack: 0x0000003919300000,0x0000003919400000] [id=11680]
  0x000001e0ade1b000 ConcurrentGCThread "G1 Young RemSet Sampling" [stack: 0x0000003919400000,0x0000003919500000] [id=16956]

Threads with active compile tasks:
C2 CompilerThread0   8376 5440   !   4       jdk.internal.reflect.UTF8::encode (191 bytes)

VM state:not at safepoint (normal execution)

VM Mutex/Monitor currently owned by a thread: None

OutOfMemory and StackOverflow Exception counts:
OutOfMemoryError java_heap_errors=5
LinkageErrors=87

Heap address: 0x0000000080000000, size: 2048 MB, Compressed Oops mode: 32-bit
Narrow klass base: 0x0000000000000000, Narrow klass shift: 3
Compressed class space size: 1073741824 Address: 0x0000000100000000

Heap:
 garbage-first heap   total 129024K, used 86284K [0x0000000080000000, 0x0000000100000000)
  region size 1024K, 58 young (59392K), 3 survivors (3072K)
 Metaspace       used 48439K, capacity 49748K, committed 49996K, reserved 1093632K
  class space    used 6187K, capacity 6672K, committed 6732K, reserved 1048576K
Heap Regions: E=young(eden), S=young(survivor), O=old, HS=humongous(starts), HC=humongous(continues), CS=collection set, F=free, A=archive, TAMS=top-at-mark-start (previous, next)
|   0|0x0000000080000000, 0x0000000080100000, 0x0000000080100000|100%| O|  |TAMS 0x0000000080100000, 0x0000000080000000| Untracked 
|   1|0x0000000080100000, 0x0000000080200000, 0x0000000080200000|100%| O|  |TAMS 0x0000000080200000, 0x0000000080100000| Untracked 
|   2|0x0000000080200000, 0x0000000080300000, 0x0000000080300000|100%| O|  |TAMS 0x0000000080300000, 0x0000000080200000| Untracked 
|   3|0x0000000080300000, 0x0000000080400000, 0x0000000080400000|100%|HS|  |TAMS 0x0000000080400000, 0x0000000080300000| Complete 
|   4|0x0000000080400000, 0x0000000080500000, 0x0000000080500000|100%|HC|  |TAMS 0x0000000080500000, 0x0000000080400000| Complete 
|   5|0x0000000080500000, 0x0000000080600000, 0x0000000080600000|100%|HC|  |TAMS 0x0000000080600000, 0x0000000080500000| Complete 
|   6|0x0000000080600000, 0x0000000080700000, 0x0000000080700000|100%| O|  |TAMS 0x0000000080700000, 0x0000000080600000| Untracked 
|   7|0x0000000080700000, 0x0000000080800000, 0x0000000080800000|100%| O|  |TAMS 0x0000000080800000, 0x0000000080700000| Untracked 
|   8|0x0000000080800000, 0x0000000080900000, 0x0000000080900000|100%| O|  |TAMS 0x0000000080900000, 0x0000000080800000| Untracked 
|   9|0x0000000080900000, 0x0000000080a00000, 0x0000000080a00000|100%| O|  |TAMS 0x0000000080a00000, 0x0000000080900000| Untracked 
|  10|0x0000000080a00000, 0x0000000080b00000, 0x0000000080b00000|100%| O|  |TAMS 0x0000000080b00000, 0x0000000080a00000| Untracked 
|  11|0x0000000080b00000, 0x0000000080c00000, 0x0000000080c00000|100%| O|  |TAMS 0x0000000080c00000, 0x0000000080b00000| Untracked 
|  12|0x0000000080c00000, 0x0000000080d00000, 0x0000000080d00000|100%| O|  |TAMS 0x0000000080d00000, 0x0000000080c00000| Untracked 
|  13|0x0000000080d00000, 0x0000000080e00000, 0x0000000080e00000|100%| O|  |TAMS 0x0000000080e00000, 0x0000000080d00000| Untracked 
|  14|0x0000000080e00000, 0x0000000080f00000, 0x0000000080f00000|100%| O|  |TAMS 0x0000000080f00000, 0x0000000080e00000| Untracked 
|  15|0x0000000080f00000, 0x0000000081000000, 0x0000000081000000|100%| O|  |TAMS 0x0000000080f66600, 0x0000000080f00000| Untracked 
|  16|0x0000000081000000, 0x0000000081100000, 0x0000000081100000|100%|HS|  |TAMS 0x0000000081000000, 0x0000000081000000| Complete 
|  17|0x0000000081100000, 0x0000000081200000, 0x0000000081200000|100%| O|  |TAMS 0x0000000081100000, 0x0000000081100000| Untracked 
|  18|0x0000000081200000, 0x0000000081300000, 0x0000000081300000|100%| O|  |TAMS 0x0000000081200000, 0x0000000081200000| Untracked 
|  19|0x0000000081300000, 0x0000000081400000, 0x0000000081400000|100%| O|  |TAMS 0x0000000081300000, 0x0000000081300000| Untracked 
|  20|0x0000000081400000, 0x0000000081500000, 0x0000000081500000|100%| O|  |TAMS 0x0000000081400000, 0x0000000081400000| Untracked 
|  21|0x0000000081500000, 0x0000000081600000, 0x0000000081600000|100%| O|  |TAMS 0x0000000081500000, 0x0000000081500000| Untracked 
|  22|0x0000000081600000, 0x0000000081700000, 0x0000000081700000|100%| O|  |TAMS 0x0000000081600000, 0x0000000081600000| Untracked 
|  23|0x0000000081700000, 0x0000000081800000, 0x0000000081800000|100%| O|  |TAMS 0x0000000081700000, 0x0000000081700000| Untracked 
|  24|0x0000000081800000, 0x0000000081900000, 0x0000000081900000|100%| O|  |TAMS 0x0000000081800000, 0x0000000081800000| Untracked 
|  25|0x0000000081900000, 0x0000000081a00000, 0x0000000081a00000|100%| O|  |TAMS 0x0000000081900000, 0x0000000081900000| Untracked 
|  26|0x0000000081a00000, 0x0000000081b00000, 0x0000000081b00000|100%| O|  |TAMS 0x0000000081a00000, 0x0000000081a00000| Untracked 
|  27|0x0000000081b00000, 0x0000000081b43200, 0x0000000081c00000| 26%| O|  |TAMS 0x0000000081b00000, 0x0000000081b00000| Untracked 
|  28|0x0000000081c00000, 0x0000000081c00000, 0x0000000081d00000|  0%| F|  |TAMS 0x0000000081c00000, 0x0000000081c00000| Untracked 
|  29|0x0000000081d00000, 0x0000000081d00000, 0x0000000081e00000|  0%| F|  |TAMS 0x0000000081d00000, 0x0000000081d00000| Untracked 
|  30|0x0000000081e00000, 0x0000000081e00000, 0x0000000081f00000|  0%| F|  |TAMS 0x0000000081e00000, 0x0000000081e00000| Untracked 
|  31|0x0000000081f00000, 0x0000000081f00000, 0x0000000082000000|  0%| F|  |TAMS 0x0000000081f00000, 0x0000000081f00000| Untracked 
|  32|0x0000000082000000, 0x0000000082000000, 0x0000000082100000|  0%| F|  |TAMS 0x0000000082000000, 0x0000000082000000| Untracked 
|  33|0x0000000082100000, 0x0000000082100000, 0x0000000082200000|  0%| F|  |TAMS 0x0000000082100000, 0x0000000082100000| Untracked 
|  34|0x0000000082200000, 0x0000000082200000, 0x0000000082300000|  0%| F|  |TAMS 0x0000000082200000, 0x0000000082200000| Untracked 
|  35|0x0000000082300000, 0x0000000082300000, 0x0000000082400000|  0%| F|  |TAMS 0x0000000082300000, 0x0000000082300000| Untracked 
|  36|0x0000000082400000, 0x0000000082400000, 0x0000000082500000|  0%| F|  |TAMS 0x0000000082400000, 0x0000000082400000| Untracked 
|  37|0x0000000082500000, 0x0000000082500000, 0x0000000082600000|  0%| F|  |TAMS 0x0000000082500000, 0x0000000082500000| Untracked 
|  38|0x0000000082600000, 0x0000000082600000, 0x0000000082700000|  0%| F|  |TAMS 0x0000000082600000, 0x0000000082600000| Untracked 
|  39|0x0000000082700000, 0x0000000082700000, 0x0000000082800000|  0%| F|  |TAMS 0x0000000082700000, 0x0000000082700000| Untracked 
|  40|0x0000000082800000, 0x0000000082800000, 0x0000000082900000|  0%| F|  |TAMS 0x0000000082800000, 0x0000000082800000| Untracked 
|  41|0x0000000082900000, 0x0000000082900000, 0x0000000082a00000|  0%| F|  |TAMS 0x0000000082900000, 0x0000000082900000| Untracked 
|  42|0x0000000082a00000, 0x0000000082a00000, 0x0000000082b00000|  0%| F|  |TAMS 0x0000000082a00000, 0x0000000082a00000| Untracked 
|  43|0x0000000082b00000, 0x0000000082b00000, 0x0000000082c00000|  0%| F|  |TAMS 0x0000000082b00000, 0x0000000082b00000| Untracked 
|  44|0x0000000082c00000, 0x0000000082c00000, 0x0000000082d00000|  0%| F|  |TAMS 0x0000000082c00000, 0x0000000082c00000| Untracked 
|  45|0x0000000082d00000, 0x0000000082d00000, 0x0000000082e00000|  0%| F|  |TAMS 0x0000000082d00000, 0x0000000082d00000| Untracked 
|  46|0x0000000082e00000, 0x0000000082e00000, 0x0000000082f00000|  0%| F|  |TAMS 0x0000000082e00000, 0x0000000082e00000| Untracked 
|  47|0x0000000082f00000, 0x0000000082f00000, 0x0000000083000000|  0%| F|  |TAMS 0x0000000082f00000, 0x0000000082f00000| Untracked 
|  48|0x0000000083000000, 0x0000000083000000, 0x0000000083100000|  0%| F|  |TAMS 0x0000000083000000, 0x0000000083000000| Untracked 
|  49|0x0000000083100000, 0x0000000083100000, 0x0000000083200000|  0%| F|  |TAMS 0x0000000083100000, 0x0000000083100000| Untracked 
|  50|0x0000000083200000, 0x0000000083200000, 0x0000000083300000|  0%| F|  |TAMS 0x0000000083200000, 0x0000000083200000| Untracked 
|  51|0x0000000083300000, 0x0000000083300000, 0x0000000083400000|  0%| F|  |TAMS 0x0000000083300000, 0x0000000083300000| Untracked 
|  52|0x0000000083400000, 0x0000000083400000, 0x0000000083500000|  0%| F|  |TAMS 0x0000000083400000, 0x0000000083400000| Untracked 
|  53|0x0000000083500000, 0x0000000083500000, 0x0000000083600000|  0%| F|  |TAMS 0x0000000083500000, 0x0000000083500000| Untracked 
|  54|0x0000000083600000, 0x0000000083600000, 0x0000000083700000|  0%| F|  |TAMS 0x0000000083600000, 0x0000000083600000| Untracked 
|  55|0x0000000083700000, 0x0000000083700000, 0x0000000083800000|  0%| F|  |TAMS 0x0000000083700000, 0x0000000083700000| Untracked 
|  56|0x0000000083800000, 0x0000000083800000, 0x0000000083900000|  0%| F|  |TAMS 0x0000000083800000, 0x0000000083800000| Untracked 
|  57|0x0000000083900000, 0x0000000083a00000, 0x0000000083a00000|100%| S|CS|TAMS 0x0000000083900000, 0x0000000083900000| Complete 
|  58|0x0000000083a00000, 0x0000000083b00000, 0x0000000083b00000|100%| S|CS|TAMS 0x0000000083a00000, 0x0000000083a00000| Complete 
|  59|0x0000000083b00000, 0x0000000083c00000, 0x0000000083c00000|100%| S|CS|TAMS 0x0000000083b00000, 0x0000000083b00000| Complete 
|  60|0x0000000083c00000, 0x0000000083c00000, 0x0000000083d00000|  0%| F|  |TAMS 0x0000000083c00000, 0x0000000083c00000| Untracked 
|  61|0x0000000083d00000, 0x0000000083d00000, 0x0000000083e00000|  0%| F|  |TAMS 0x0000000083d00000, 0x0000000083d00000| Untracked 
|  62|0x0000000083e00000, 0x0000000083e00000, 0x0000000083f00000|  0%| F|  |TAMS 0x0000000083e00000, 0x0000000083e00000| Untracked 
|  63|0x0000000083f00000, 0x0000000083f00000, 0x0000000084000000|  0%| F|  |TAMS 0x0000000083f00000, 0x0000000083f00000| Untracked 
|  64|0x0000000084000000, 0x0000000084000000, 0x0000000084100000|  0%| F|  |TAMS 0x0000000084000000, 0x0000000084000000| Untracked 
|  65|0x0000000084100000, 0x0000000084100000, 0x0000000084200000|  0%| F|  |TAMS 0x0000000084100000, 0x0000000084100000| Untracked 
|  66|0x0000000084200000, 0x0000000084200000, 0x0000000084300000|  0%| F|  |TAMS 0x0000000084200000, 0x0000000084200000| Untracked 
|  67|0x0000000084300000, 0x0000000084300000, 0x0000000084400000|  0%| F|  |TAMS 0x0000000084300000, 0x0000000084300000| Untracked 
|  68|0x0000000084400000, 0x0000000084400000, 0x0000000084500000|  0%| F|  |TAMS 0x0000000084400000, 0x0000000084400000| Untracked 
|  69|0x0000000084500000, 0x0000000084500000, 0x0000000084600000|  0%| F|  |TAMS 0x0000000084500000, 0x0000000084500000| Untracked 
|  70|0x0000000084600000, 0x0000000084680800, 0x0000000084700000| 50%| E|  |TAMS 0x0000000084600000, 0x0000000084600000| Complete 
|  71|0x0000000084700000, 0x0000000084800000, 0x0000000084800000|100%| E|CS|TAMS 0x0000000084700000, 0x0000000084700000| Complete 
|  72|0x0000000084800000, 0x0000000084900000, 0x0000000084900000|100%| E|CS|TAMS 0x0000000084800000, 0x0000000084800000| Complete 
|  73|0x0000000084900000, 0x0000000084a00000, 0x0000000084a00000|100%| E|CS|TAMS 0x0000000084900000, 0x0000000084900000| Complete 
|  74|0x0000000084a00000, 0x0000000084b00000, 0x0000000084b00000|100%| E|CS|TAMS 0x0000000084a00000, 0x0000000084a00000| Complete 
|  75|0x0000000084b00000, 0x0000000084c00000, 0x0000000084c00000|100%| E|CS|TAMS 0x0000000084b00000, 0x0000000084b00000| Complete 
|  76|0x0000000084c00000, 0x0000000084d00000, 0x0000000084d00000|100%| E|CS|TAMS 0x0000000084c00000, 0x0000000084c00000| Complete 
|  77|0x0000000084d00000, 0x0000000084e00000, 0x0000000084e00000|100%| E|CS|TAMS 0x0000000084d00000, 0x0000000084d00000| Complete 
|  78|0x0000000084e00000, 0x0000000084f00000, 0x0000000084f00000|100%| E|CS|TAMS 0x0000000084e00000, 0x0000000084e00000| Complete 
|  79|0x0000000084f00000, 0x0000000085000000, 0x0000000085000000|100%| E|CS|TAMS 0x0000000084f00000, 0x0000000084f00000| Complete 
|  80|0x0000000085000000, 0x0000000085100000, 0x0000000085100000|100%| E|CS|TAMS 0x0000000085000000, 0x0000000085000000| Complete 
|  81|0x0000000085100000, 0x0000000085200000, 0x0000000085200000|100%| E|CS|TAMS 0x0000000085100000, 0x0000000085100000| Complete 
|  82|0x0000000085200000, 0x0000000085300000, 0x0000000085300000|100%| E|CS|TAMS 0x0000000085200000, 0x0000000085200000| Complete 
|  83|0x0000000085300000, 0x0000000085400000, 0x0000000085400000|100%| E|CS|TAMS 0x0000000085300000, 0x0000000085300000| Complete 
|  84|0x0000000085400000, 0x0000000085500000, 0x0000000085500000|100%| E|CS|TAMS 0x0000000085400000, 0x0000000085400000| Complete 
|  85|0x0000000085500000, 0x0000000085600000, 0x0000000085600000|100%| E|CS|TAMS 0x0000000085500000, 0x0000000085500000| Complete 
|  86|0x0000000085600000, 0x0000000085700000, 0x0000000085700000|100%| E|CS|TAMS 0x0000000085600000, 0x0000000085600000| Complete 
|  87|0x0000000085700000, 0x0000000085800000, 0x0000000085800000|100%| E|CS|TAMS 0x0000000085700000, 0x0000000085700000| Complete 
|  88|0x0000000085800000, 0x0000000085900000, 0x0000000085900000|100%| E|CS|TAMS 0x0000000085800000, 0x0000000085800000| Complete 
|  89|0x0000000085900000, 0x0000000085a00000, 0x0000000085a00000|100%| E|CS|TAMS 0x0000000085900000, 0x0000000085900000| Complete 
|  90|0x0000000085a00000, 0x0000000085b00000, 0x0000000085b00000|100%| E|CS|TAMS 0x0000000085a00000, 0x0000000085a00000| Complete 
|  91|0x0000000085b00000, 0x0000000085c00000, 0x0000000085c00000|100%| E|CS|TAMS 0x0000000085b00000, 0x0000000085b00000| Complete 
|  92|0x0000000085c00000, 0x0000000085d00000, 0x0000000085d00000|100%| E|CS|TAMS 0x0000000085c00000, 0x0000000085c00000| Complete 
|  93|0x0000000085d00000, 0x0000000085e00000, 0x0000000085e00000|100%| E|CS|TAMS 0x0000000085d00000, 0x0000000085d00000| Complete 
|  94|0x0000000085e00000, 0x0000000085f00000, 0x0000000085f00000|100%| E|CS|TAMS 0x0000000085e00000, 0x0000000085e00000| Complete 
|  95|0x0000000085f00000, 0x0000000086000000, 0x0000000086000000|100%| E|CS|TAMS 0x0000000085f00000, 0x0000000085f00000| Complete 
|  96|0x0000000086000000, 0x0000000086100000, 0x0000000086100000|100%| E|CS|TAMS 0x0000000086000000, 0x0000000086000000| Complete 
|  97|0x0000000086100000, 0x0000000086200000, 0x0000000086200000|100%| E|CS|TAMS 0x0000000086100000, 0x0000000086100000| Complete 
|  98|0x0000000086200000, 0x0000000086300000, 0x0000000086300000|100%| E|CS|TAMS 0x0000000086200000, 0x0000000086200000| Complete 
|  99|0x0000000086300000, 0x0000000086400000, 0x0000000086400000|100%| E|CS|TAMS 0x0000000086300000, 0x0000000086300000| Complete 
| 100|0x0000000086400000, 0x0000000086500000, 0x0000000086500000|100%| E|CS|TAMS 0x0000000086400000, 0x0000000086400000| Complete 
| 101|0x0000000086500000, 0x0000000086600000, 0x0000000086600000|100%| E|CS|TAMS 0x0000000086500000, 0x0000000086500000| Complete 
| 102|0x0000000086600000, 0x0000000086700000, 0x0000000086700000|100%| E|CS|TAMS 0x0000000086600000, 0x0000000086600000| Complete 
| 103|0x0000000086700000, 0x0000000086800000, 0x0000000086800000|100%| E|CS|TAMS 0x0000000086700000, 0x0000000086700000| Complete 
| 104|0x0000000086800000, 0x0000000086900000, 0x0000000086900000|100%| E|CS|TAMS 0x0000000086800000, 0x0000000086800000| Complete 
| 105|0x0000000086900000, 0x0000000086a00000, 0x0000000086a00000|100%| E|CS|TAMS 0x0000000086900000, 0x0000000086900000| Complete 
| 106|0x0000000086a00000, 0x0000000086b00000, 0x0000000086b00000|100%| E|CS|TAMS 0x0000000086a00000, 0x0000000086a00000| Complete 
| 107|0x0000000086b00000, 0x0000000086c00000, 0x0000000086c00000|100%| E|CS|TAMS 0x0000000086b00000, 0x0000000086b00000| Complete 
| 108|0x0000000086c00000, 0x0000000086d00000, 0x0000000086d00000|100%| E|CS|TAMS 0x0000000086c00000, 0x0000000086c00000| Complete 
| 109|0x0000000086d00000, 0x0000000086e00000, 0x0000000086e00000|100%| E|CS|TAMS 0x0000000086d00000, 0x0000000086d00000| Complete 
| 110|0x0000000086e00000, 0x0000000086f00000, 0x0000000086f00000|100%| E|CS|TAMS 0x0000000086e00000, 0x0000000086e00000| Complete 
| 111|0x0000000086f00000, 0x0000000087000000, 0x0000000087000000|100%| E|CS|TAMS 0x0000000086f00000, 0x0000000086f00000| Complete 
| 112|0x0000000087000000, 0x0000000087100000, 0x0000000087100000|100%| E|CS|TAMS 0x0000000087000000, 0x0000000087000000| Complete 
| 113|0x0000000087100000, 0x0000000087200000, 0x0000000087200000|100%| E|CS|TAMS 0x0000000087100000, 0x0000000087100000| Complete 
| 114|0x0000000087200000, 0x0000000087300000, 0x0000000087300000|100%| E|CS|TAMS 0x0000000087200000, 0x0000000087200000| Complete 
| 115|0x0000000087300000, 0x0000000087400000, 0x0000000087400000|100%| E|CS|TAMS 0x0000000087300000, 0x0000000087300000| Complete 
| 116|0x0000000087400000, 0x0000000087500000, 0x0000000087500000|100%| E|CS|TAMS 0x0000000087400000, 0x0000000087400000| Complete 
| 117|0x0000000087500000, 0x0000000087600000, 0x0000000087600000|100%| E|CS|TAMS 0x0000000087500000, 0x0000000087500000| Complete 
| 118|0x0000000087600000, 0x0000000087700000, 0x0000000087700000|100%| E|CS|TAMS 0x0000000087600000, 0x0000000087600000| Complete 
| 119|0x0000000087700000, 0x0000000087800000, 0x0000000087800000|100%| E|CS|TAMS 0x0000000087700000, 0x0000000087700000| Complete 
| 120|0x0000000087800000, 0x0000000087900000, 0x0000000087900000|100%| E|CS|TAMS 0x0000000087800000, 0x0000000087800000| Complete 
| 121|0x0000000087900000, 0x0000000087a00000, 0x0000000087a00000|100%| E|CS|TAMS 0x0000000087900000, 0x0000000087900000| Complete 
| 122|0x0000000087a00000, 0x0000000087b00000, 0x0000000087b00000|100%| E|CS|TAMS 0x0000000087a00000, 0x0000000087a00000| Complete 
| 123|0x0000000087b00000, 0x0000000087c00000, 0x0000000087c00000|100%| E|CS|TAMS 0x0000000087b00000, 0x0000000087b00000| Complete 
| 124|0x0000000087c00000, 0x0000000087d00000, 0x0000000087d00000|100%| E|CS|TAMS 0x0000000087c00000, 0x0000000087c00000| Complete 
| 125|0x0000000087d00000, 0x0000000087e00000, 0x0000000087e00000|100%| E|CS|TAMS 0x0000000087d00000, 0x0000000087d00000| Complete 

Card table byte_map: [0x000001e0a6d70000,0x000001e0a7170000] _byte_map_base: 0x000001e0a6970000

Marking Bits (Prev, Next): (CMBitMap*) 0x000001e093b8efc8, (CMBitMap*) 0x000001e093b8f000
 Prev Bits: [0x000001e0a7570000, 0x000001e0a9570000)
 Next Bits: [0x000001e0a9570000, 0x000001e0ab570000)

Polling page: 0x000001e093320000

Metaspace:

Usage:
  Non-class:     42.13 MB capacity,    41.27 MB ( 98%) used,   745.89 KB (  2%) free+waste,   131.56 KB ( <1%) overhead. 
      Class:      6.52 MB capacity,     6.04 MB ( 93%) used,   419.89 KB (  6%) free+waste,    63.06 KB ( <1%) overhead. 
       Both:     48.65 MB capacity,    47.32 MB ( 97%) used,     1.14 MB (  2%) free+waste,   194.63 KB ( <1%) overhead. 

Virtual space:
  Non-class space:       44.00 MB reserved,      42.25 MB ( 96%) committed 
      Class space:        1.00 GB reserved,       6.57 MB ( <1%) committed 
             Both:        1.04 GB reserved,      48.82 MB (  5%) committed 

Chunk freelists:
   Non-Class:  58.00 KB
       Class:  15.00 KB
        Both:  73.00 KB

MaxMetaspaceSize: 17179869184.00 GB
CompressedClassSpaceSize: 1.00 GB

CodeHeap 'non-profiled nmethods': size=120000Kb used=2945Kb max_used=2945Kb free=117054Kb
 bounds [0x000001e09f110000, 0x000001e09f400000, 0x000001e0a6640000]
CodeHeap 'profiled nmethods': size=120000Kb used=11059Kb max_used=11059Kb free=108940Kb
 bounds [0x000001e097be0000, 0x000001e0986b0000, 0x000001e09f110000]
CodeHeap 'non-nmethods': size=5760Kb used=2217Kb max_used=2287Kb free=3542Kb
 bounds [0x000001e097640000, 0x000001e0978b0000, 0x000001e097be0000]
 total_blobs=6303 nmethods=5514 adapters=700
 compilation: enabled
              stopped_count=0, restarted_count=0
 full_count=0

Compilation events (20 events):
Event: 8.312 Thread 0x000001e0ae955000 nmethod 5431 0x000001e09868ac10 code [0x000001e09868ae40, 0x000001e09868b5d8]
Event: 8.312 Thread 0x000001e0ae955000 5432       3       java.io.StringWriter::write (10 bytes)
Event: 8.312 Thread 0x000001e0ae955000 nmethod 5432 0x000001e09868b910 code [0x000001e09868bae0, 0x000001e09868be48]
Event: 8.312 Thread 0x000001e0ae955000 5433  s    3       java.lang.StringBuffer::append (13 bytes)
Event: 8.312 Thread 0x000001e0ae955000 nmethod 5433 0x000001e09868bf90 code [0x000001e09868c160, 0x000001e09868c428]
Event: 8.312 Thread 0x000001e0ae955000 5435       3       java.lang.StackTraceElement::dropClassLoaderName (16 bytes)
Event: 8.312 Thread 0x000001e0ae955000 nmethod 5435 0x000001e09868c510 code [0x000001e09868c6c0, 0x000001e09868c818]
Event: 8.312 Thread 0x000001e0ae955000 5436       3       java.lang.StackTraceElement::isNativeMethod (15 bytes)
Event: 8.313 Thread 0x000001e0ae955000 nmethod 5436 0x000001e09868c890 code [0x000001e09868ca40, 0x000001e09868cb98]
Event: 8.313 Thread 0x000001e0ae955000 5442       1       java.lang.StackTraceElement::getClassName (5 bytes)
Event: 8.313 Thread 0x000001e0ae955000 nmethod 5442 0x000001e09f3eb990 code [0x000001e09f3ebb40, 0x000001e09f3ebbf8]
Event: 8.313 Thread 0x000001e0ae955000 5438       1       java.lang.StackTraceElement::getLineNumber (5 bytes)
Event: 8.313 Thread 0x000001e0ae955000 nmethod 5438 0x000001e09f3ebc90 code [0x000001e09f3ebe40, 0x000001e09f3ebef8]
Event: 8.313 Thread 0x000001e0ae955000 5439       1       java.lang.StackTraceElement::getFileName (5 bytes)
Event: 8.313 Thread 0x000001e0ae955000 nmethod 5439 0x000001e09f3ebf90 code [0x000001e09f3ec140, 0x000001e09f3ec1f8]
Event: 8.315 Thread 0x000001e0ae955000 5444       3       org.codehaus.groovy.runtime.StackTraceUtils::isApplicationClass (84 bytes)
Event: 8.315 Thread 0x000001e0ae955000 nmethod 5444 0x000001e09868cc10 code [0x000001e09868ce60, 0x000001e09868d7f8]
Event: 8.316 Thread 0x000001e0ae955000 5446       1       java.io.ObjectStreamField::getName (5 bytes)
Event: 8.316 Thread 0x000001e0ae955000 nmethod 5446 0x000001e09f3ec290 code [0x000001e09f3ec440, 0x000001e09f3ec4f8]
Event: 8.316 Thread 0x000001e0ae955000 5447       3       sun.security.provider.SHA::implCompress (13 bytes)

GC Heap History (14 events):
Event: 0.968 GC heap before
{Heap before GC invocations=0 (full 0):
 garbage-first heap   total 129024K, used 29696K [0x0000000080000000, 0x0000000100000000)
  region size 1024K, 24 young (24576K), 0 survivors (0K)
 Metaspace       used 10237K, capacity 10431K, committed 10624K, reserved 1058816K
  class space    used 1072K, capacity 1141K, committed 1152K, reserved 1048576K
}
Event: 0.972 GC heap after
{Heap after GC invocations=1 (full 0):
 garbage-first heap   total 129024K, used 9437K [0x0000000080000000, 0x0000000100000000)
  region size 1024K, 3 young (3072K), 3 survivors (3072K)
 Metaspace       used 10237K, capacity 10431K, committed 10624K, reserved 1058816K
  class space    used 1072K, capacity 1141K, committed 1152K, reserved 1048576K
}
Event: 2.357 GC heap before
{Heap before GC invocations=1 (full 0):
 garbage-first heap   total 129024K, used 83165K [0x0000000080000000, 0x0000000100000000)
  region size 1024K, 75 young (76800K), 3 survivors (3072K)
 Metaspace       used 17605K, capacity 18000K, committed 18176K, reserved 1064960K
  class space    used 2085K, capacity 2219K, committed 2304K, reserved 1048576K
}
Event: 2.364 GC heap after
{Heap after GC invocations=2 (full 0):
 garbage-first heap   total 129024K, used 15894K [0x0000000080000000, 0x0000000100000000)
  region size 1024K, 10 young (10240K), 10 survivors (10240K)
 Metaspace       used 17605K, capacity 18000K, committed 18176K, reserved 1064960K
  class space    used 2085K, capacity 2219K, committed 2304K, reserved 1048576K
}
Event: 2.642 GC heap before
{Heap before GC invocations=2 (full 0):
 garbage-first heap   total 129024K, used 41494K [0x0000000080000000, 0x0000000100000000)
  region size 1024K, 36 young (36864K), 10 survivors (10240K)
 Metaspace       used 20682K, capacity 21089K, committed 21248K, reserved 1067008K
  class space    used 2542K, capacity 2695K, committed 2816K, reserved 1048576K
}
Event: 2.651 GC heap after
{Heap after GC invocations=3 (full 0):
 garbage-first heap   total 129024K, used 16962K [0x0000000080000000, 0x0000000100000000)
  region size 1024K, 2 young (2048K), 2 survivors (2048K)
 Metaspace       used 20682K, capacity 21089K, committed 21248K, reserved 1067008K
  class space    used 2542K, capacity 2695K, committed 2816K, reserved 1048576K
}
Event: 3.362 GC heap before
{Heap before GC invocations=4 (full 0):
 garbage-first heap   total 129024K, used 79426K [0x0000000080000000, 0x0000000100000000)
  region size 1024K, 63 young (64512K), 2 survivors (2048K)
 Metaspace       used 26710K, capacity 27252K, committed 27392K, reserved 1073152K
  class space    used 3518K, capacity 3737K, committed 3840K, reserved 1048576K
}
Event: 3.366 GC heap after
{Heap after GC invocations=5 (full 0):
 garbage-first heap   total 129024K, used 18996K [0x0000000080000000, 0x0000000100000000)
  region size 1024K, 4 young (4096K), 4 survivors (4096K)
 Metaspace       used 26710K, capacity 27252K, committed 27392K, reserved 1073152K
  class space    used 3518K, capacity 3737K, committed 3840K, reserved 1048576K
}
Event: 4.102 GC heap before
{Heap before GC invocations=5 (full 0):
 garbage-first heap   total 129024K, used 68148K [0x0000000080000000, 0x0000000100000000)
  region size 1024K, 53 young (54272K), 4 survivors (4096K)
 Metaspace       used 35028K, capacity 35794K, committed 35840K, reserved 1081344K
  class space    used 4560K, capacity 4863K, committed 4864K, reserved 1048576K
}
Event: 4.111 GC heap after
{Heap after GC invocations=6 (full 0):
 garbage-first heap   total 129024K, used 22440K [0x0000000080000000, 0x0000000100000000)
  region size 1024K, 7 young (7168K), 7 survivors (7168K)
 Metaspace       used 35028K, capacity 35794K, committed 35840K, reserved 1081344K
  class space    used 4560K, capacity 4863K, committed 4864K, reserved 1048576K
}
Event: 4.959 GC heap before
{Heap before GC invocations=7 (full 0):
 garbage-first heap   total 129024K, used 94120K [0x0000000080000000, 0x0000000100000000)
  region size 1024K, 75 young (76800K), 7 survivors (7168K)
 Metaspace       used 40247K, capacity 41127K, committed 41420K, reserved 1085440K
  class space    used 5157K, capacity 5505K, committed 5580K, reserved 1048576K
}
Event: 4.969 GC heap after
{Heap after GC invocations=8 (full 0):
 garbage-first heap   total 129024K, used 27634K [0x0000000080000000, 0x0000000100000000)
  region size 1024K, 9 young (9216K), 9 survivors (9216K)
 Metaspace       used 40247K, capacity 41127K, committed 41420K, reserved 1085440K
  class space    used 5157K, capacity 5505K, committed 5580K, reserved 1048576K
}
Event: 6.169 GC heap before
{Heap before GC invocations=8 (full 0):
 garbage-first heap   total 129024K, used 95218K [0x0000000080000000, 0x0000000100000000)
  region size 1024K, 75 young (76800K), 9 survivors (9216K)
 Metaspace       used 46276K, capacity 47395K, committed 47692K, reserved 1091584K
  class space    used 5953K, capacity 6370K, committed 6476K, reserved 1048576K
}
Event: 6.181 GC heap after
{Heap after GC invocations=9 (full 0):
 garbage-first heap   total 129024K, used 29964K [0x0000000080000000, 0x0000000100000000)
  region size 1024K, 3 young (3072K), 3 survivors (3072K)
 Metaspace       used 46276K, capacity 47395K, committed 47692K, reserved 1091584K
  class space    used 5953K, capacity 6370K, committed 6476K, reserved 1048576K
}

Deoptimization events (20 events):
Event: 8.259 Thread 0x000001e0b044c800 DEOPT PACKING pc=0x000001e09f1731a0 sp=0x000000391a8f1fb0
Event: 8.259 Thread 0x000001e0b044c800 DEOPT UNPACKING pc=0x000001e09766662f sp=0x000000391a8f1f70 mode 2
Event: 8.266 Thread 0x000001e0b044c800 DEOPT PACKING pc=0x000001e097ef26da sp=0x000000391a8f1960
Event: 8.266 Thread 0x000001e0b044c800 DEOPT UNPACKING pc=0x000001e097666dde sp=0x000000391a8f0de8 mode 0
Event: 8.289 Thread 0x000001e0b044c800 Uncommon trap: trap_request=0xffffffc6 fr.pc=0x000001e09f3310d0 relative=0x00000000000008f0
Event: 8.289 Thread 0x000001e0b044c800 Uncommon trap: reason=bimorphic_or_optimized_type_check action=maybe_recompile pc=0x000001e09f3310d0 method=java.lang.Throwable.<init>(Ljava/lang/String;Ljava/lang/Throwable;)V @ 24 c2
Event: 8.289 Thread 0x000001e0b044c800 DEOPT PACKING pc=0x000001e09f3310d0 sp=0x000000391a8fa100
Event: 8.289 Thread 0x000001e0b044c800 DEOPT UNPACKING pc=0x000001e09766662f sp=0x000000391a8fa0c8 mode 2
Event: 8.296 Thread 0x000001e0b044c800 Uncommon trap: trap_request=0xffffff4d fr.pc=0x000001e09f379e1c relative=0x000000000000007c
Event: 8.296 Thread 0x000001e0b044c800 Uncommon trap: reason=unstable_if action=reinterpret pc=0x000001e09f379e1c method=java.util.Spliterator.getExactSizeIfKnown()J @ 9 c2
Event: 8.296 Thread 0x000001e0b044c800 DEOPT PACKING pc=0x000001e09f379e1c sp=0x000000391a8faf40
Event: 8.296 Thread 0x000001e0b044c800 DEOPT UNPACKING pc=0x000001e09766662f sp=0x000000391a8faed8 mode 2
Event: 8.312 Thread 0x000001e0b044c800 Uncommon trap: trap_request=0xffffff4d fr.pc=0x000001e09f2cc8fc relative=0x00000000000007bc
Event: 8.312 Thread 0x000001e0b044c800 Uncommon trap: reason=unstable_if action=reinterpret pc=0x000001e09f2cc8fc method=java.util.regex.Matcher.search(I)Z @ 76 c2
Event: 8.312 Thread 0x000001e0b044c800 DEOPT PACKING pc=0x000001e09f2cc8fc sp=0x000000391a8fb800
Event: 8.312 Thread 0x000001e0b044c800 DEOPT UNPACKING pc=0x000001e09766662f sp=0x000000391a8fb780 mode 2
Event: 8.312 Thread 0x000001e0b044c800 Uncommon trap: trap_request=0xffffff4d fr.pc=0x000001e09f2d2378 relative=0x0000000000000758
Event: 8.312 Thread 0x000001e0b044c800 Uncommon trap: reason=unstable_if action=reinterpret pc=0x000001e09f2d2378 method=java.util.regex.Matcher.search(I)Z @ 76 c2
Event: 8.312 Thread 0x000001e0b044c800 DEOPT PACKING pc=0x000001e09f2d2378 sp=0x000000391a8fb780
Event: 8.312 Thread 0x000001e0b044c800 DEOPT UNPACKING pc=0x000001e09766662f sp=0x000000391a8fb770 mode 2

Classes redefined (0 events):
No events

Internal exceptions (20 events):
Event: 8.261 Thread 0x000001e0b044c800 Exception <a 'java/security/PrivilegedActionException'{0x0000000084b5aa78}> (0x0000000084b5aa78) thrown at [./src/hotspot/share/prims/jvm.cpp, line 1306]
Event: 8.261 Thread 0x000001e0b044c800 Exception <a 'java/security/PrivilegedActionException'{0x0000000084b5bd38}> (0x0000000084b5bd38) thrown at [./src/hotspot/share/prims/jvm.cpp, line 1306]
Event: 8.261 Thread 0x000001e0b044c800 Exception <a 'java/security/PrivilegedActionException'{0x0000000084b5e9b8}> (0x0000000084b5e9b8) thrown at [./src/hotspot/share/prims/jvm.cpp, line 1306]
Event: 8.261 Thread 0x000001e0b044c800 Exception <a 'java/security/PrivilegedActionException'{0x0000000084b5fc78}> (0x0000000084b5fc78) thrown at [./src/hotspot/share/prims/jvm.cpp, line 1306]
Event: 8.261 Thread 0x000001e0b044c800 Exception <a 'java/security/PrivilegedActionException'{0x0000000084b62930}> (0x0000000084b62930) thrown at [./src/hotspot/share/prims/jvm.cpp, line 1306]
Event: 8.261 Thread 0x000001e0b044c800 Exception <a 'java/security/PrivilegedActionException'{0x0000000084b63bf0}> (0x0000000084b63bf0) thrown at [./src/hotspot/share/prims/jvm.cpp, line 1306]
Event: 8.261 Thread 0x000001e0b044c800 Exception <a 'java/security/PrivilegedActionException'{0x0000000084b66818}> (0x0000000084b66818) thrown at [./src/hotspot/share/prims/jvm.cpp, line 1306]
Event: 8.261 Thread 0x000001e0b044c800 Exception <a 'java/security/PrivilegedActionException'{0x0000000084b67ad8}> (0x0000000084b67ad8) thrown at [./src/hotspot/share/prims/jvm.cpp, line 1306]
Event: 8.287 Thread 0x000001e0b044c800 Exception <a 'java/lang/OutOfMemoryError'{0x0000000084bf3378}> (0x0000000084bf3378) thrown at [./src/hotspot/share/prims/jni.cpp, line 636]
Event: 8.288 Thread 0x000001e0b044c800 Exception <a 'java/lang/OutOfMemoryError'{0x0000000084bf3378}> (0x0000000084bf3378) thrown at [./src/hotspot/share/prims/jvm.cpp, line 1310]
Event: 8.288 Thread 0x000001e0b044c800 Exception <a 'java/lang/OutOfMemoryError'{0x0000000084bf3378}> (0x0000000084bf3378) thrown at [./src/hotspot/share/prims/jvm.cpp, line 1310]
Event: 8.288 Thread 0x000001e0b044c800 Exception <a 'java/lang/OutOfMemoryError'{0x0000000084bf3378}> (0x0000000084bf3378) thrown at [./src/hotspot/share/prims/jvm.cpp, line 1310]
Event: 8.288 Thread 0x000001e0b044c800 Exception <a 'java/lang/OutOfMemoryError'{0x0000000084bf3378}> (0x0000000084bf3378) thrown at [./src/hotspot/share/prims/jvm.cpp, line 1310]
Event: 8.294 Thread 0x000001e0b044c800 Exception <a 'java/lang/NoSuchMethodError'{0x0000000084a50c20}: 'long java.lang.invoke.DirectMethodHandle$Holder.invokeVirtual(java.lang.Object, java.lang.Object)'> (0x0000000084a50c20) thrown at [./src/hotspot/share/interpreter/linkResolver.cpp, line 773]
Event: 8.306 Thread 0x000001e0b08df800 Exception <a 'java/lang/NoSuchMethodError'{0x0000000087d896c0}: <clinit>> (0x0000000087d896c0) thrown at [./src/hotspot/share/prims/jni.cpp, line 1362]
Event: 8.312 Thread 0x000001e0b08df800 Exception <a 'java/lang/NoSuchMethodError'{0x000000008481c6c0}: <clinit>> (0x000000008481c6c0) thrown at [./src/hotspot/share/prims/jni.cpp, line 1362]
Event: 8.312 Thread 0x000001e0b08df800 Exception <a 'java/lang/NoSuchMethodError'{0x000000008481d920}: <clinit>> (0x000000008481d920) thrown at [./src/hotspot/share/prims/jni.cpp, line 1362]
Event: 8.312 Thread 0x000001e0b08df800 Exception <a 'java/lang/NoSuchMethodError'{0x000000008481ec28}: <clinit>> (0x000000008481ec28) thrown at [./src/hotspot/share/prims/jni.cpp, line 1362]
Event: 8.312 Thread 0x000001e0b08df800 Exception <a 'java/lang/NoSuchMethodError'{0x000000008481fc48}: <clinit>> (0x000000008481fc48) thrown at [./src/hotspot/share/prims/jni.cpp, line 1362]
Event: 8.316 Thread 0x000001e0b08df800 Exception <a 'java/lang/NoSuchMethodError'{0x0000000084832448}: <clinit>> (0x0000000084832448) thrown at [./src/hotspot/share/prims/jni.cpp, line 1362]

Events (20 events):
Event: 8.306 loading class org/gradle/internal/exceptions/ContextAwareException$1
Event: 8.306 loading class org/gradle/internal/exceptions/ContextAwareException$1 done
Event: 8.307 loading class org/codehaus/groovy/runtime/StackTraceUtils
Event: 8.307 loading class org/codehaus/groovy/runtime/StackTraceUtils done
Event: 8.309 Executing VM operation: BulkRevokeBias
Event: 8.311 Executing VM operation: BulkRevokeBias done
Event: 8.312 loading class java/util/logging/LogRecord
Event: 8.313 loading class java/util/logging/LogRecord done
Event: 8.313 loading class java/time/Clock
Event: 8.314 loading class java/time/Clock done
Event: 8.314 loading class java/time/Clock$SystemClock
Event: 8.314 loading class java/time/Clock$SystemClock done
Event: 8.315 Executing VM operation: CollectForMetadataAllocation
Event: 8.315 loading class org/gradle/internal/build/ExecutionResult$Success
Event: 8.315 loading class org/gradle/internal/build/ExecutionResult$Success done
Event: 8.315 Executing VM operation: CollectForMetadataAllocation done
Event: 8.316 loading class org/gradle/internal/build/ExecutionResult$1
Event: 8.316 loading class org/gradle/internal/build/ExecutionResult$1 done
Event: 8.316 loading class org/gradle/internal/build/ExecutionResult$Failure
Event: 8.316 loading class org/gradle/internal/build/ExecutionResult$Failure done


Dynamic libraries:
0x00007ff701a70000 - 0x00007ff701a7a000 	C:\Program Files\Android\Android Studio\jre\bin\java.exe
0x00007ffc73510000 - 0x00007ffc73705000 	C:\Windows\SYSTEM32\ntdll.dll
0x00007ffc73170000 - 0x00007ffc7322d000 	C:\Windows\System32\KERNEL32.DLL
0x00007ffc70f70000 - 0x00007ffc71238000 	C:\Windows\System32\KERNELBASE.dll
0x00007ffc6e120000 - 0x00007ffc6e1b0000 	C:\Windows\SYSTEM32\apphelp.dll
0x00007ffc71240000 - 0x00007ffc71340000 	C:\Windows\System32\ucrtbase.dll
0x00007ffc3d4c0000 - 0x00007ffc3d4d7000 	C:\Program Files\Android\Android Studio\jre\bin\VCRUNTIME140.dll
0x00007ffc3b4b0000 - 0x00007ffc3b4c9000 	C:\Program Files\Android\Android Studio\jre\bin\jli.dll
0x00007ffc72130000 - 0x00007ffc722d0000 	C:\Windows\System32\USER32.dll
0x00007ffc70f40000 - 0x00007ffc70f62000 	C:\Windows\System32\win32u.dll
0x00007ffc54e90000 - 0x00007ffc5512a000 	C:\Windows\WinSxS\amd64_microsoft.windows.common-controls_6595b64144ccf1df_6.0.19041.844_none_ca00b6081b84eb1d\COMCTL32.dll
0x00007ffc73110000 - 0x00007ffc7313a000 	C:\Windows\System32\GDI32.dll
0x00007ffc71f10000 - 0x00007ffc71fae000 	C:\Windows\System32\msvcrt.dll
0x00007ffc70db0000 - 0x00007ffc70ebb000 	C:\Windows\System32\gdi32full.dll
0x00007ffc71340000 - 0x00007ffc713dd000 	C:\Windows\System32\msvcp_win.dll
0x00007ffc73140000 - 0x00007ffc73170000 	C:\Windows\System32\IMM32.DLL
0x00007ffc1d020000 - 0x00007ffc1d0bd000 	C:\Program Files\Android\Android Studio\jre\bin\msvcp140.dll
0x00007ffc0bcc0000 - 0x00007ffc0c795000 	C:\Program Files\Android\Android Studio\jre\bin\server\jvm.dll
0x00007ffc732e0000 - 0x00007ffc7338c000 	C:\Windows\System32\ADVAPI32.dll
0x00007ffc71fb0000 - 0x00007ffc7204b000 	C:\Windows\System32\sechost.dll
0x00007ffc733a0000 - 0x00007ffc734cb000 	C:\Windows\System32\RPCRT4.dll
0x00007ffc73390000 - 0x00007ffc73398000 	C:\Windows\System32\PSAPI.DLL
0x00007ffc581f0000 - 0x00007ffc581f9000 	C:\Windows\SYSTEM32\WSOCK32.dll
0x00007ffc5eff0000 - 0x00007ffc5f017000 	C:\Windows\SYSTEM32\WINMM.dll
0x00007ffc6a210000 - 0x00007ffc6a21a000 	C:\Windows\SYSTEM32\VERSION.dll
0x00007ffc720c0000 - 0x00007ffc7212b000 	C:\Windows\System32\WS2_32.dll
0x00007ffc6f520000 - 0x00007ffc6f532000 	C:\Windows\SYSTEM32\kernel.appcore.dll
0x00007ffc5e6c0000 - 0x00007ffc5e6d1000 	C:\Program Files\Android\Android Studio\jre\bin\verify.dll
0x00007ffc6e880000 - 0x00007ffc6ea64000 	C:\Windows\SYSTEM32\DBGHELP.DLL
0x00007ffc56ed0000 - 0x00007ffc56efc000 	C:\Windows\SYSTEM32\dbgcore.DLL
0x00007ffc70ec0000 - 0x00007ffc70f40000 	C:\Windows\System32\bcryptPrimitives.dll
0x00007ffc4bab0000 - 0x00007ffc4bad9000 	C:\Program Files\Android\Android Studio\jre\bin\java.dll
0x00007ffc6c2b0000 - 0x00007ffc6c2bb000 	C:\Program Files\Android\Android Studio\jre\bin\jimage.dll
0x00007ffc56f60000 - 0x00007ffc56f78000 	C:\Program Files\Android\Android Studio\jre\bin\zip.dll
0x00007ffc723a0000 - 0x00007ffc72ae2000 	C:\Windows\System32\SHELL32.dll
0x00007ffc6ed80000 - 0x00007ffc6f510000 	C:\Windows\SYSTEM32\windows.storage.dll
0x00007ffc71ad0000 - 0x00007ffc71e25000 	C:\Windows\System32\combase.dll
0x00007ffc706c0000 - 0x00007ffc706ec000 	C:\Windows\SYSTEM32\Wldp.dll
0x00007ffc73230000 - 0x00007ffc732de000 	C:\Windows\System32\SHCORE.dll
0x00007ffc717e0000 - 0x00007ffc71835000 	C:\Windows\System32\shlwapi.dll
0x00007ffc70b90000 - 0x00007ffc70baf000 	C:\Windows\SYSTEM32\profapi.dll
0x00007ffc4b610000 - 0x00007ffc4b62a000 	C:\Program Files\Android\Android Studio\jre\bin\net.dll
0x00007ffc5e360000 - 0x00007ffc5e46b000 	C:\Windows\SYSTEM32\WINHTTP.dll
0x00007ffc70430000 - 0x00007ffc7049a000 	C:\Windows\system32\mswsock.dll
0x00007ffc4b1c0000 - 0x00007ffc4b1d4000 	C:\Program Files\Android\Android Studio\jre\bin\nio.dll
0x00007ffc52030000 - 0x00007ffc52057000 	C:\Users\August\.gradle\native\e1d6ef7f7dcc3fd88c89a11ec53ec762bb8ba0a96d01ffa2cd45eb1d1d8dd5c5\windows-amd64\native-platform.dll
0x00007ffc0af80000 - 0x00007ffc0b0c4000 	C:\Users\August\.gradle\native\5664cfc778a61ccfe75a443a1ab52a65af34e5dc3c78e0209fed803814484fcb\windows-amd64\native-platform-file-events.dll
0x00007ffc6ba00000 - 0x00007ffc6ba0a000 	C:\Program Files\Android\Android Studio\jre\bin\management.dll
0x00007ffc69ba0000 - 0x00007ffc69bad000 	C:\Program Files\Android\Android Studio\jre\bin\management_ext.dll
0x00007ffc70600000 - 0x00007ffc70618000 	C:\Windows\SYSTEM32\CRYPTSP.dll
0x00007ffc6fd60000 - 0x00007ffc6fd94000 	C:\Windows\system32\rsaenh.dll
0x00007ffc71490000 - 0x00007ffc714b7000 	C:\Windows\System32\bcrypt.dll
0x00007ffc70b50000 - 0x00007ffc70b7e000 	C:\Windows\SYSTEM32\USERENV.dll
0x00007ffc70620000 - 0x00007ffc7062c000 	C:\Windows\SYSTEM32\CRYPTBASE.dll
0x00007ffc700d0000 - 0x00007ffc7010b000 	C:\Windows\SYSTEM32\IPHLPAPI.DLL
0x00007ffc72050000 - 0x00007ffc72058000 	C:\Windows\System32\NSI.dll
0x00007ffc67a00000 - 0x00007ffc67a17000 	C:\Windows\SYSTEM32\dhcpcsvc6.DLL
0x00007ffc68410000 - 0x00007ffc6842d000 	C:\Windows\SYSTEM32\dhcpcsvc.DLL
0x00007ffc70120000 - 0x00007ffc701ec000 	C:\Windows\SYSTEM32\DNSAPI.dll

dbghelp: loaded successfully - version: 4.0.5 - missing functions: none
symbol engine: initialized successfully - sym options: 0x614 - pdb path: .;C:\Program Files\Android\Android Studio\jre\bin;C:\Windows\SYSTEM32;C:\Windows\WinSxS\amd64_microsoft.windows.common-controls_6595b64144ccf1df_6.0.19041.844_none_ca00b6081b84eb1d;C:\Program Files\Android\Android Studio\jre\bin\server;C:\Users\August\.gradle\native\e1d6ef7f7dcc3fd88c89a11ec53ec762bb8ba0a96d01ffa2cd45eb1d1d8dd5c5\windows-amd64;C:\Users\August\.gradle\native\5664cfc778a61ccfe75a443a1ab52a65af34e5dc3c78e0209fed803814484fcb\windows-amd64

VM Arguments:
jvm_args: --add-opens=java.base/java.util=ALL-UNNAMED --add-opens=java.base/java.lang=ALL-UNNAMED --add-opens=java.base/java.lang.invoke=ALL-UNNAMED --add-opens=java.base/java.util=ALL-UNNAMED --add-opens=java.prefs/java.util.prefs=ALL-UNNAMED --add-opens=java.prefs/java.util.prefs=ALL-UNNAMED --add-opens=java.base/java.nio.charset=ALL-UNNAMED --add-opens=java.base/java.net=ALL-UNNAMED --add-opens=java.base/java.util.concurrent.atomic=ALL-UNNAMED -Xmx2048m -Dfile.encoding=UTF-8 -Duser.country=GB -Duser.language=en -Duser.variant 
java_command: org.gradle.launcher.daemon.bootstrap.GradleDaemon 7.2
java_class_path (initial): C:\Users\August\.gradle\wrapper\dists\gradle-7.2-bin\2dnblmf4td7x66yl1d74lt32g\gradle-7.2\lib\gradle-launcher-7.2.jar
Launcher Type: SUN_STANDARD

[Global flags]
     intx CICompilerCount                          = 4                                         {product} {ergonomic}
     uint ConcGCThreads                            = 2                                         {product} {ergonomic}
     uint G1ConcRefinementThreads                  = 8                                         {product} {ergonomic}
   size_t G1HeapRegionSize                         = 1048576                                   {product} {ergonomic}
    uintx GCDrainStackTargetSize                   = 64                                        {product} {ergonomic}
   size_t InitialHeapSize                          = 132120576                                 {product} {ergonomic}
   size_t MarkStackSize                            = 4194304                                   {product} {ergonomic}
   size_t MaxHeapSize                              = 2147483648                                {product} {command line}
   size_t MaxNewSize                               = 1287651328                                {product} {ergonomic}
   size_t MinHeapDeltaBytes                        = 1048576                                   {product} {ergonomic}
    uintx NonNMethodCodeHeapSize                   = 5836300                                {pd product} {ergonomic}
    uintx NonProfiledCodeHeapSize                  = 122910970                              {pd product} {ergonomic}
    uintx ProfiledCodeHeapSize                     = 122910970                              {pd product} {ergonomic}
    uintx ReservedCodeCacheSize                    = 251658240                              {pd product} {ergonomic}
     bool SegmentedCodeCache                       = true                                      {product} {ergonomic}
     bool UseCompressedClassPointers               = true                                 {lp64_product} {ergonomic}
     bool UseCompressedOops                        = true                                 {lp64_product} {ergonomic}
     bool UseG1GC                                  = true                                      {product} {ergonomic}
     bool UseLargePagesIndividualAllocation        = false                                  {pd product} {ergonomic}

Logging:
Log output configuration:
 #0: stdout all=warning uptime,level,tags
 #1: stderr all=off uptime,level,tags

Environment Variables:
PATH=C:\Python39\Scripts\;C:\Python39\;C:\Program Files (x86)\Intel\Intel(R) Management Engine Components\iCLS\;C:\Program Files\Intel\Intel(R) Management Engine Components\iCLS\;C:\Windows\system32;C:\Windows;C:\Windows\System32\Wbem;C:\Windows\System32\WindowsPowerShell\v1.0\;C:\Windows\System32\OpenSSH\;C:\Program Files\Intel\WiFi\bin\;C:\Program Files\Common Files\Intel\WirelessCommon\;C:\Program Files (x86)\NVIDIA Corporation\PhysX\Common;C:\Program Files (x86)\Intel\Intel(R) Management Engine Components\DAL;C:\Program Files\Intel\Intel(R) Management Engine Components\DAL;C:\Program Files (x86)\Intel\Intel(R) Management Engine Components\IPT;C:\Program Files\Intel\Intel(R) Management Engine Components\IPT;C:\Program Files\NVIDIA Corporation\NVIDIA NvDLISR;C:\Program Files\nodejs\;C:\ProgramData\chocolatey\bin;C:\Program Files\Git\cmd;C:\Users\August\AppData\Local\Programs\Python\Python310\Scripts\;C:\Users\August\AppData\Local\Programs\Python\Python310\;C:\Users\August\AppData\Local\Microsoft\WindowsApps;C:\Program Files\Intel\WiFi\bin\;C:\Program Files\Common Files\Intel\WirelessCommon\;C:\Users\August\AppData\Local\Programs\Microsoft VS Code\bin;C:\Users\August\AppData\Roaming\npm
USERNAME=August
OS=Windows_NT
PROCESSOR_IDENTIFIER=Intel64 Family 6 Model 158 Stepping 10, GenuineIntel



---------------  S Y S T E M  ---------------

OS: Windows 10 , 64 bit Build 19041 (10.0.19041.928)
OS uptime: 10 days 2:58 hours

CPU:total 8 (initial active 8) (4 cores per cpu, 2 threads per core) family 6 model 158 stepping 10 microcode 0xb4, cmov, cx8, fxsr, mmx, sse, sse2, sse3, ssse3, sse4.1, sse4.2, popcnt, avx, avx2, aes, clmul, erms, 3dnowpref, lzcnt, ht, tsc, tscinvbit, bmi1, bmi2, adx, fma

Memory: 4k page, system-wide physical 8034M (394M free)
TotalPageFile size 22013M (AvailPageFile size 0M)
current process WorkingSet (physical memory assigned to process): 297M, peak: 297M
current process commit charge ("private bytes"): 346M, peak: 347M

vm_info: OpenJDK 64-Bit Server VM (11.0.11+9-b60-7590822) for windows-amd64 JRE (11.0.11+9-b60-7590822), built on Jul 29 2021 21:43:44 by "builder" with MS VC++ 14.0 (VS2015)

END.
